  GraphEditor.cpp
C:\Users\Zac\Documents\UoG\Level\5\Projects\SEM1\Low\ct5036-assessment-rendering-framework-ramkhisthrowing\deps\ImGuizmo\GraphEditor.cpp(314,47): warning C4018: '<': signed/unsigned mismatch
C:\Users\Zac\Documents\UoG\Level\5\Projects\SEM1\Low\ct5036-assessment-rendering-framework-ramkhisthrowing\deps\ImGuizmo\GraphEditor.cpp(472,59): warning C4018: '<': signed/unsigned mismatch
C:\Users\Zac\Documents\UoG\Level\5\Projects\SEM1\Low\ct5036-assessment-rendering-framework-ramkhisthrowing\deps\ImGuizmo\GraphEditor.cpp(500,55): warning C4018: '<': signed/unsigned mismatch
  ImCurveEdit.cpp
  ImGradient.cpp
  ImGuizmo.cpp
  ImSequencer.cpp
  imgui.cpp
  imgui_demo.cpp
  imgui_draw.cpp
  imgui_tables.cpp
  imgui_widgets.cpp
  main.cpp
C:\Users\Zac\Documents\UoG\Level\5\Projects\SEM1\Low\ct5036-assessment-rendering-framework-ramkhisthrowing\deps\ImGuizmo\example\main.cpp(498,28): warning C4018: '<': signed/unsigned mismatch
C:\Users\Zac\Documents\UoG\Level\5\Projects\SEM1\Low\ct5036-assessment-rendering-framework-ramkhisthrowing\deps\ImGuizmo\example\main.cpp(533,39): error C2955: 'Array': use of class template requires template argument list
C:\Users\Zac\Documents\UoG\Level\5\Projects\SEM1\Low\ct5036-assessment-rendering-framework-ramkhisthrowing\deps\ImGuizmo\example\main.cpp(521): message : see declaration of 'Array'
C:\Users\Zac\Documents\UoG\Level\5\Projects\SEM1\Low\ct5036-assessment-rendering-framework-ramkhisthrowing\deps\ImGuizmo\example\main.cpp(533,46): error C2988: unrecognizable template declaration/definition
C:\Users\Zac\Documents\UoG\Level\5\Projects\SEM1\Low\ct5036-assessment-rendering-framework-ramkhisthrowing\deps\ImGuizmo\example\main.cpp(533,46): error C2143: syntax error: missing ')' before ','
C:\Users\Zac\Documents\UoG\Level\5\Projects\SEM1\Low\ct5036-assessment-rendering-framework-ramkhisthrowing\deps\ImGuizmo\example\main.cpp(533,45): error C2365: 'T': redefinition; previous definition was 'template parameter'
C:\Users\Zac\Documents\UoG\Level\5\Projects\SEM1\Low\ct5036-assessment-rendering-framework-ramkhisthrowing\deps\ImGuizmo\example\main.cpp(533): message : see declaration of 'T'
C:\Users\Zac\Documents\UoG\Level\5\Projects\SEM1\Low\ct5036-assessment-rendering-framework-ramkhisthrowing\deps\ImGuizmo\example\main.cpp(533,46): error C2059: syntax error: ','
C:\Users\Zac\Documents\UoG\Level\5\Projects\SEM1\Low\ct5036-assessment-rendering-framework-ramkhisthrowing\deps\ImGuizmo\example\main.cpp(533,39): error C2059: syntax error: ')'
C:\Users\Zac\Documents\UoG\Level\5\Projects\SEM1\Low\ct5036-assessment-rendering-framework-ramkhisthrowing\deps\ImGuizmo\example\main.cpp(684,4): error C2065: 'config': undeclared identifier
C:\Users\Zac\Documents\UoG\Level\5\Projects\SEM1\Low\ct5036-assessment-rendering-framework-ramkhisthrowing\deps\ImGuizmo\example\main.cpp(685,4): error C2065: 'config': undeclared identifier
C:\Users\Zac\Documents\UoG\Level\5\Projects\SEM1\Low\ct5036-assessment-rendering-framework-ramkhisthrowing\deps\ImGuizmo\example\main.cpp(687,4): error C2065: 'imApp': undeclared identifier
C:\Users\Zac\Documents\UoG\Level\5\Projects\SEM1\Low\ct5036-assessment-rendering-framework-ramkhisthrowing\deps\ImGuizmo\example\main.cpp(687,15): error C2065: 'config': undeclared identifier
C:\Users\Zac\Documents\UoG\Level\5\Projects\SEM1\Low\ct5036-assessment-rendering-framework-ramkhisthrowing\deps\ImGuizmo\example\main.cpp(701,22): error C2065: 'procTexture': undeclared identifier
C:\Users\Zac\Documents\UoG\Level\5\Projects\SEM1\Low\ct5036-assessment-rendering-framework-ramkhisthrowing\deps\ImGuizmo\example\main.cpp(702,33): error C2065: 'procTexture': undeclared identifier
C:\Users\Zac\Documents\UoG\Level\5\Projects\SEM1\Low\ct5036-assessment-rendering-framework-ramkhisthrowing\deps\ImGuizmo\example\main.cpp(727,4): error C2065: 'mySequence': undeclared identifier
C:\Users\Zac\Documents\UoG\Level\5\Projects\SEM1\Low\ct5036-assessment-rendering-framework-ramkhisthrowing\deps\ImGuizmo\example\main.cpp(728,4): error C2065: 'mySequence': undeclared identifier
C:\Users\Zac\Documents\UoG\Level\5\Projects\SEM1\Low\ct5036-assessment-rendering-framework-ramkhisthrowing\deps\ImGuizmo\example\main.cpp(729,4): error C2065: 'mySequence': undeclared identifier
C:\Users\Zac\Documents\UoG\Level\5\Projects\SEM1\Low\ct5036-assessment-rendering-framework-ramkhisthrowing\deps\ImGuizmo\example\main.cpp(730,4): error C2065: 'mySequence': undeclared identifier
C:\Users\Zac\Documents\UoG\Level\5\Projects\SEM1\Low\ct5036-assessment-rendering-framework-ramkhisthrowing\deps\ImGuizmo\example\main.cpp(731,4): error C2065: 'mySequence': undeclared identifier
C:\Users\Zac\Documents\UoG\Level\5\Projects\SEM1\Low\ct5036-assessment-rendering-framework-ramkhisthrowing\deps\ImGuizmo\example\main.cpp(732,4): error C2065: 'mySequence': undeclared identifier
C:\Users\Zac\Documents\UoG\Level\5\Projects\SEM1\Low\ct5036-assessment-rendering-framework-ramkhisthrowing\deps\ImGuizmo\example\main.cpp(733,4): error C2065: 'mySequence': undeclared identifier
C:\Users\Zac\Documents\UoG\Level\5\Projects\SEM1\Low\ct5036-assessment-rendering-framework-ramkhisthrowing\deps\ImGuizmo\example\main.cpp(745,12): error C2065: 'imApp': undeclared identifier
C:\Users\Zac\Documents\UoG\Level\5\Projects\SEM1\Low\ct5036-assessment-rendering-framework-ramkhisthrowing\deps\ImGuizmo\example\main.cpp(747,7): error C2065: 'imApp': undeclared identifier
C:\Users\Zac\Documents\UoG\Level\5\Projects\SEM1\Low\ct5036-assessment-rendering-framework-ramkhisthrowing\deps\ImGuizmo\example\main.cpp(752,77): error C2065: 'cameraProjection': undeclared identifier
C:\Users\Zac\Documents\UoG\Level\5\Projects\SEM1\Low\ct5036-assessment-rendering-framework-ramkhisthrowing\deps\ImGuizmo\example\main.cpp(757,88): error C2065: 'cameraProjection': undeclared identifier
C:\Users\Zac\Documents\UoG\Level\5\Projects\SEM1\Low\ct5036-assessment-rendering-framework-ramkhisthrowing\deps\ImGuizmo\example\main.cpp(818,36): error C2065: 'cameraProjection': undeclared identifier
C:\Users\Zac\Documents\UoG\Level\5\Projects\SEM1\Low\ct5036-assessment-rendering-framework-ramkhisthrowing\deps\ImGuizmo\example\main.cpp(835,46): error C2065: 'procTexture': undeclared identifier
C:\Users\Zac\Documents\UoG\Level\5\Projects\SEM1\Low\ct5036-assessment-rendering-framework-ramkhisthrowing\deps\ImGuizmo\example\main.cpp(858,40): error C2065: 'mySequence': undeclared identifier
C:\Users\Zac\Documents\UoG\Level\5\Projects\SEM1\Low\ct5036-assessment-rendering-framework-ramkhisthrowing\deps\ImGuizmo\example\main.cpp(858,60): error C2660: 'ImGui::InputInt': function does not take 1 arguments
C:\Users\Zac\Documents\UoG\Level\5\Projects\SEM1\Low\ct5036-assessment-rendering-framework-ramkhisthrowing\deps\ImGuizmo\example\imgui.h(565,29): message : see declaration of 'ImGui::InputInt'
C:\Users\Zac\Documents\UoG\Level\5\Projects\SEM1\Low\ct5036-assessment-rendering-framework-ramkhisthrowing\deps\ImGuizmo\example\main.cpp(862,40): error C2065: 'mySequence': undeclared identifier
C:\Users\Zac\Documents\UoG\Level\5\Projects\SEM1\Low\ct5036-assessment-rendering-framework-ramkhisthrowing\deps\ImGuizmo\example\main.cpp(862,60): error C2660: 'ImGui::InputInt': function does not take 1 arguments
C:\Users\Zac\Documents\UoG\Level\5\Projects\SEM1\Low\ct5036-assessment-rendering-framework-ramkhisthrowing\deps\ImGuizmo\example\imgui.h(565,29): message : see declaration of 'ImGui::InputInt'
C:\Users\Zac\Documents\UoG\Level\5\Projects\SEM1\Low\ct5036-assessment-rendering-framework-ramkhisthrowing\deps\ImGuizmo\example\main.cpp(864,21): error C2065: 'mySequence': undeclared identifier
C:\Users\Zac\Documents\UoG\Level\5\Projects\SEM1\Low\ct5036-assessment-rendering-framework-ramkhisthrowing\deps\ImGuizmo\example\main.cpp(864,10): error C3861: 'Sequencer': identifier not found
C:\Users\Zac\Documents\UoG\Level\5\Projects\SEM1\Low\ct5036-assessment-rendering-framework-ramkhisthrowing\deps\ImGuizmo\example\main.cpp(868,53): error C2065: 'mySequence': undeclared identifier
C:\Users\Zac\Documents\UoG\Level\5\Projects\SEM1\Low\ct5036-assessment-rendering-framework-ramkhisthrowing\deps\ImGuizmo\example\main.cpp(884,35): error C2065: 'options': undeclared identifier
C:\Users\Zac\Documents\UoG\Level\5\Projects\SEM1\Low\ct5036-assessment-rendering-framework-ramkhisthrowing\deps\ImGuizmo\example\main.cpp(901,28): error C2065: 'delegate': undeclared identifier
C:\Users\Zac\Documents\UoG\Level\5\Projects\SEM1\Low\ct5036-assessment-rendering-framework-ramkhisthrowing\deps\ImGuizmo\example\main.cpp(901,38): error C2065: 'options': undeclared identifier
C:\Users\Zac\Documents\UoG\Level\5\Projects\SEM1\Low\ct5036-assessment-rendering-framework-ramkhisthrowing\deps\ImGuizmo\example\main.cpp(901,47): error C2065: 'viewState': undeclared identifier
C:\Users\Zac\Documents\UoG\Level\5\Projects\SEM1\Low\ct5036-assessment-rendering-framework-ramkhisthrowing\deps\ImGuizmo\example\main.cpp(909,7): error C2065: 'imApp': undeclared identifier
C:\Users\Zac\Documents\UoG\Level\5\Projects\SEM1\Low\ct5036-assessment-rendering-framework-ramkhisthrowing\deps\ImGuizmo\example\main.cpp(912,4): error C2065: 'imApp': undeclared identifier
  Generating Code...
